
-----------------------------------------------------------------
Starting new training run
-----------------------------------------------------------------
[2021-04-14 10:24:36.899]  Checkpoint path: /home/bjurgens/Music/ML/gst-tacotron/logs-tacotron/model.ckpt
[2021-04-14 10:24:36.899]  Loading training data from: /home/bjurgens/Music/ML/gst-tacotron/training/train.txt
[2021-04-14 10:24:36.899]  Using model: tacotron
[2021-04-14 10:24:36.900]  Hyperparameters:
  adam_beta1: 0.9
  adam_beta2: 0.999
  attention_depth: 256
  batch_size: 32
  cleaners: english_cleaners
  decay_learning_rate: True
  embed_depth: 256
  encoder_depth: 256
  frame_length_ms: 50
  frame_shift_ms: 12.5
  griffin_lim_iters: 60
  initial_learning_rate: 0.002
  max_iters: 1000
  min_level_db: -100
  num_freq: 1025
  num_gst: 10
  num_heads: 4
  num_mels: 80
  outputs_per_step: 2
  power: 1.5
  preemphasis: 0.97
  prenet_depths: [256, 128]
  ref_level_db: 20
  reference_depth: 128
  reference_filters: [32, 32, 64, 64, 128, 128]
  rnn_depth: 256
  sample_rate: 16000
  style_att_dim: 128
  style_att_type: mlp_attention
  style_embed_depth: 256
  use_cmudict: False
  use_gst: True

-----------------------------------------------------------------
Starting new training run
-----------------------------------------------------------------
[2021-04-14 10:25:49.687]  Checkpoint path: /home/bjurgens/Music/ML/gst-tacotron/logs-tacotron/model.ckpt
[2021-04-14 10:25:49.687]  Loading training data from: /home/bjurgens/Music/ML/gst-tacotron/training/train.txt
[2021-04-14 10:25:49.687]  Using model: tacotron
[2021-04-14 10:25:49.687]  Hyperparameters:
  adam_beta1: 0.9
  adam_beta2: 0.999
  attention_depth: 256
  batch_size: 32
  cleaners: english_cleaners
  decay_learning_rate: True
  embed_depth: 256
  encoder_depth: 256
  frame_length_ms: 50
  frame_shift_ms: 12.5
  griffin_lim_iters: 60
  initial_learning_rate: 0.002
  max_iters: 1000
  min_level_db: -100
  num_freq: 1025
  num_gst: 10
  num_heads: 4
  num_mels: 80
  outputs_per_step: 2
  power: 1.5
  preemphasis: 0.97
  prenet_depths: [256, 128]
  ref_level_db: 20
  reference_depth: 128
  reference_filters: [32, 32, 64, 64, 128, 128]
  rnn_depth: 256
  sample_rate: 16000
  style_att_dim: 128
  style_att_type: mlp_attention
  style_embed_depth: 256
  use_cmudict: False
  use_gst: True

-----------------------------------------------------------------
Starting new training run
-----------------------------------------------------------------
[2021-04-14 10:27:13.479]  Checkpoint path: /home/bjurgens/Music/ML/gst-tacotron/logs-tacotron/model.ckpt
[2021-04-14 10:27:13.479]  Loading training data from: /home/bjurgens/Music/ML/gst-tacotron/training/train.txt
[2021-04-14 10:27:13.479]  Using model: tacotron
[2021-04-14 10:27:13.479]  Hyperparameters:
  adam_beta1: 0.9
  adam_beta2: 0.999
  attention_depth: 256
  batch_size: 32
  cleaners: english_cleaners
  decay_learning_rate: True
  embed_depth: 256
  encoder_depth: 256
  frame_length_ms: 50
  frame_shift_ms: 12.5
  griffin_lim_iters: 60
  initial_learning_rate: 0.002
  max_iters: 1000
  min_level_db: -100
  num_freq: 1025
  num_gst: 10
  num_heads: 4
  num_mels: 80
  outputs_per_step: 2
  power: 1.5
  preemphasis: 0.97
  prenet_depths: [256, 128]
  ref_level_db: 20
  reference_depth: 128
  reference_filters: [32, 32, 64, 64, 128, 128]
  rnn_depth: 256
  sample_rate: 16000
  style_att_dim: 128
  style_att_type: mlp_attention
  style_embed_depth: 256
  use_cmudict: False
  use_gst: True
